app/build/outputs/logs/manifest-merger-debug-report.txt
-- Merging decision tree log ---
manifest
ADDED from src/main/AndroidManifest.xml:2:1-78:12
	package
		ADDED from src/main/AndroidManifest.xml:3:5-51
		INJECTED from src/main/AndroidManifest.xml
		INJECTED from src/main/AndroidManifest.xml
	android:versionName
		ADDED from src/main/AndroidManifest.xml:5:5-30
		INJECTED from src/main/AndroidManifest.xml
		INJECTED from src/main/AndroidManifest.xml
	android:versionCode
		ADDED from src/main/AndroidManifest.xml:4:5-28
		INJECTED from src/main/AndroidManifest.xml
		INJECTED from src/main/AndroidManifest.xml
	xmlns:android
		ADDED from src/main/AndroidManifest.xml:2:11-69
uses-sdk
ADDED from src/main/AndroidManifest.xml:7:5-73
MERGED from [com.google.android.gms:play-services-location:8.4.0] AndroidManifest.xml:18:5-42
MERGED from [com.google.android.gms:play-services-base:8.4.0] AndroidManifest.xml:18:5-42
MERGED from [com.google.android.gms:play-services-basement:8.4.0] AndroidManifest.xml:18:5-42
MERGED from [com.android.support:support-v4:23.0.0] AndroidManifest.xml:20:5-43
MERGED from [com.google.android.gms:play-services-maps:8.4.0] AndroidManifest.xml:26:5-42
MERGED from [com.google.android.gms:play-services-base:8.4.0] AndroidManifest.xml:18:5-42
MERGED from [com.google.android.gms:play-services-basement:8.4.0] AndroidManifest.xml:18:5-42
MERGED from [com.android.support:support-v4:23.0.0] AndroidManifest.xml:20:5-43
MERGED from [net.zetetic:android-database-sqlcipher:3.3.1-1] AndroidManifest.xml:3:3-40
	android:targetSdkVersion
		ADDED from src/main/AndroidManifest.xml:7:42-71
		INJECTED from src/main/AndroidManifest.xml
		INJECTED from src/main/AndroidManifest.xml
	android:minSdkVersion
		ADDED from src/main/AndroidManifest.xml:7:15-41
		INJECTED from src/main/AndroidManifest.xml
		INJECTED from src/main/AndroidManifest.xml
uses-permission#android.permission.INTERNET
ADDED from src/main/AndroidManifest.xml:8:2-63
MERGED from [com.google.android.gms:play-services-maps:8.4.0] AndroidManifest.xml:21:5-66
	android:name
		ADDED from src/main/AndroidManifest.xml:8:19-61
uses-permission#android.permission.WIFI
ADDED from src/main/AndroidManifest.xml:9:2-59
	android:name
		ADDED from src/main/AndroidManifest.xml:9:19-57
uses-permission#android.permission.ACCESS_FINE_LOCATION
ADDED from src/main/AndroidManifest.xml:10:5-79
	android:name
		ADDED from src/main/AndroidManifest.xml:10:22-76
permission#edu.stevens.cs522.chat.oneway.cloudclient
ADDED from src/main/AndroidManifest.xml:11:5-75
	android:name
		ADDED from src/main/AndroidManifest.xml:11:17-73
application
ADDED from src/main/AndroidManifest.xml:13:5-76:19
MERGED from [com.google.android.gms:play-services-location:8.4.0] AndroidManifest.xml:19:5-20
MERGED from [com.google.android.gms:play-services-basement:8.4.0] AndroidManifest.xml:20:5-24:19
MERGED from [com.android.support:support-v4:23.0.0] AndroidManifest.xml:22:5-20
MERGED from [com.google.android.gms:play-services-maps:8.4.0] AndroidManifest.xml:27:5-20
MERGED from [com.google.android.gms:play-services-basement:8.4.0] AndroidManifest.xml:20:5-24:19
MERGED from [com.android.support:support-v4:23.0.0] AndroidManifest.xml:22:5-20
	android:label
		ADDED from src/main/AndroidManifest.xml:15:9-41
	android:allowBackup
		ADDED from src/main/AndroidManifest.xml:13:18-45
	android:icon
		ADDED from src/main/AndroidManifest.xml:14:9-45
meta-data#com.google.android.gms.version
ADDED from src/main/AndroidManifest.xml:17:9-19:69
MERGED from [com.google.android.gms:play-services-basement:8.4.0] AndroidManifest.xml:21:9-23:69
MERGED from [com.google.android.gms:play-services-basement:8.4.0] AndroidManifest.xml:21:9-23:69
	android:value
		ADDED from src/main/AndroidManifest.xml:19:13-66
	android:name
		ADDED from src/main/AndroidManifest.xml:18:13-58
activity#edu.stevens.cs522.chat.oneway.client.activities.ScanActivity
ADDED from src/main/AndroidManifest.xml:21:9-28:20
	android:label
		ADDED from src/main/AndroidManifest.xml:23:13-38
	android:name
		ADDED from src/main/AndroidManifest.xml:22:13-52
intent-filter#android.intent.action.MAIN+android.intent.category.LAUNCHER
ADDED from src/main/AndroidManifest.xml:24:13-27:29
action#android.intent.action.MAIN
ADDED from src/main/AndroidManifest.xml:25:17-69
	android:name
		ADDED from src/main/AndroidManifest.xml:25:25-66
category#android.intent.category.LAUNCHER
ADDED from src/main/AndroidManifest.xml:26:17-77
	android:name
		ADDED from src/main/AndroidManifest.xml:26:27-74
activity#edu.stevens.cs522.chat.oneway.client.activities.ChatClient
ADDED from src/main/AndroidManifest.xml:30:9-37:20
	android:label
		ADDED from src/main/AndroidManifest.xml:32:14-46
	android:name
		ADDED from src/main/AndroidManifest.xml:31:14-51
activity#edu.stevens.cs522.chat.oneway.client.activities.ChatroomActivity
ADDED from src/main/AndroidManifest.xml:39:9-45:20
	android:label
		ADDED from src/main/AndroidManifest.xml:41:13-38
	android:name
		ADDED from src/main/AndroidManifest.xml:40:13-56
meta-data#com.google.android.gms.version.chatroom
ADDED from src/main/AndroidManifest.xml:42:13-44:73
	android:value
		ADDED from src/main/AndroidManifest.xml:44:17-70
	android:name
		ADDED from src/main/AndroidManifest.xml:43:17-71
activity#edu.stevens.cs522.chat.oneway.client.activities.ChatmesActivity
ADDED from src/main/AndroidManifest.xml:47:9-50:20
	android:label
		ADDED from src/main/AndroidManifest.xml:49:13-46
	android:name
		ADDED from src/main/AndroidManifest.xml:48:13-55
activity#edu.stevens.cs522.chat.oneway.client.activities.ClientsActivity
ADDED from src/main/AndroidManifest.xml:52:9-55:20
	android:label
		ADDED from src/main/AndroidManifest.xml:54:13-36
	android:name
		ADDED from src/main/AndroidManifest.xml:53:13-55
activity#edu.stevens.cs522.chat.oneway.client.activities.ClientsmesActivity
ADDED from src/main/AndroidManifest.xml:57:9-60:20
	android:label
		ADDED from src/main/AndroidManifest.xml:59:13-44
	android:name
		ADDED from src/main/AndroidManifest.xml:58:13-58
service#edu.stevens.cs522.chat.oneway.client.services.RequestService
ADDED from src/main/AndroidManifest.xml:62:9-65:19
	android:exported
		ADDED from src/main/AndroidManifest.xml:64:13-37
	android:name
		ADDED from src/main/AndroidManifest.xml:63:13-52
provider#edu.stevens.cs522.chat.oneway.client.providers.ReceiveContentProvider
ADDED from src/main/AndroidManifest.xml:66:9-71:20
	android:readPermission
		ADDED from src/main/AndroidManifest.xml:69:13-79
	android:authorities
		ADDED from src/main/AndroidManifest.xml:67:13-76
	android:exported
		ADDED from src/main/AndroidManifest.xml:70:13-36
	android:name
		ADDED from src/main/AndroidManifest.xml:68:13-61
uses-permission#android.permission.ACCESS_NETWORK_STATE
ADDED from [com.google.android.gms:play-services-maps:8.4.0] AndroidManifest.xml:20:5-78
	android:name
		ADDED from [com.google.android.gms:play-services-maps:8.4.0] AndroidManifest.xml:20:22-76
uses-feature#0x00020000
ADDED from [com.google.android.gms:play-services-maps:8.4.0] AndroidManifest.xml:22:5-24:33
	android:glEsVersion
		ADDED from [com.google.android.gms:play-services-maps:8.4.0] AndroidManifest.xml:23:8-40
	android:required
		ADDED from [com.google.android.gms:play-services-maps:8.4.0] AndroidManifest.xml:24:8-31